Using pre-set license
Built from '2022.3/staging' branch; Version is '2022.3.45f1 (a13dfa44d684) revision 10567162'; Using compiler version '192829333'; Build Type 'Release'
OS: 'Windows 11  (10.0.26100) 64bit CoreSingleLanguage' Language: 'en' Physical Memory: 3930 MB
BatchMode: 1, IsHumanControllingUs: 0, StartBugReporterOnCrash: 0, Is64bit: 1, IsPro: 1

COMMAND LINE ARGUMENTS:
C:\Program Files\Unity\Hub\Editor\2022.3.45f1\Editor\Unity.exe
-adb2
-batchMode
-noUpm
-name
AssetImportWorker0
-projectPath
C:/Users/Nasrun/Virtual-Puzzle-Adventure-VR
-logFile
Logs/AssetImportWorker0.log
-srvPort
51041
Successfully changed project path to: C:/Users/Nasrun/Virtual-Puzzle-Adventure-VR
C:/Users/Nasrun/Virtual-Puzzle-Adventure-VR
[UnityMemory] Configuration Parameters - Can be set up in boot.config
    "memorysetup-bucket-allocator-granularity=16"
    "memorysetup-bucket-allocator-bucket-count=8"
    "memorysetup-bucket-allocator-block-size=33554432"
    "memorysetup-bucket-allocator-block-count=8"
    "memorysetup-main-allocator-block-size=16777216"
    "memorysetup-thread-allocator-block-size=16777216"
    "memorysetup-gfx-main-allocator-block-size=16777216"
    "memorysetup-gfx-thread-allocator-block-size=16777216"
    "memorysetup-cache-allocator-block-size=4194304"
    "memorysetup-typetree-allocator-block-size=2097152"
    "memorysetup-profiler-bucket-allocator-granularity=16"
    "memorysetup-profiler-bucket-allocator-bucket-count=8"
    "memorysetup-profiler-bucket-allocator-block-size=33554432"
    "memorysetup-profiler-bucket-allocator-block-count=8"
    "memorysetup-profiler-allocator-block-size=16777216"
    "memorysetup-profiler-editor-allocator-block-size=1048576"
    "memorysetup-temp-allocator-size-main=16777216"
    "memorysetup-job-temp-allocator-block-size=2097152"
    "memorysetup-job-temp-allocator-block-size-background=1048576"
    "memorysetup-job-temp-allocator-reduction-small-platforms=262144"
    "memorysetup-allocator-temp-initial-block-size-main=262144"
    "memorysetup-allocator-temp-initial-block-size-worker=262144"
    "memorysetup-temp-allocator-size-background-worker=32768"
    "memorysetup-temp-allocator-size-job-worker=262144"
    "memorysetup-temp-allocator-size-preload-manager=33554432"
    "memorysetup-temp-allocator-size-nav-mesh-worker=65536"
    "memorysetup-temp-allocator-size-audio-worker=65536"
    "memorysetup-temp-allocator-size-cloud-worker=32768"
    "memorysetup-temp-allocator-size-gi-baking-worker=262144"
    "memorysetup-temp-allocator-size-gfx=262144"
Player connection [11072]  Target information:

Player connection [11072]  * "[IP] 192.168.56.1 [Port] 0 [Flags] 2 [Guid] 1876782040 [EditorId] 1876782040 [Version] 1048832 [Id] WindowsEditor(7,LAPTOP-V3IRGD76) [Debug] 1 [PackageName] WindowsEditor [ProjectName] Editor" 

Player connection [11072]  * "[IP] 192.168.0.122 [Port] 0 [Flags] 2 [Guid] 1876782040 [EditorId] 1876782040 [Version] 1048832 [Id] WindowsEditor(7,LAPTOP-V3IRGD76) [Debug] 1 [PackageName] WindowsEditor [ProjectName] Editor" 

Player connection [11072] Host joined multi-casting on [225.0.0.222:54997]...
Player connection [11072] Host joined alternative multi-casting on [225.0.0.222:34997]...
[PhysX] Initialized MultithreadedTaskDispatcher with 4 workers.
Refreshing native plugins compatible for Editor in 203.96 ms, found 3 plugins.
Preloading 0 native plugins for Editor in 0.00 ms.
Initialize engine version: 2022.3.45f1 (a13dfa44d684)
[Subsystems] Discovering subsystems at path C:/Program Files/Unity/Hub/Editor/2022.3.45f1/Editor/Data/Resources/UnitySubsystems
[Subsystems] Discovering subsystems at path C:/Users/Nasrun/Virtual-Puzzle-Adventure-VR/Assets
GfxDevice: creating device client; threaded=0; jobified=0
Direct3D:
    Version:  Direct3D 11.0 [level 11.1]
    Renderer: Intel(R) UHD Graphics (ID=0x9b21)
    Vendor:   Intel
    VRAM:     1965 MB
    Driver:   30.0.100.9864
Initialize mono
Mono path[0] = 'C:/Program Files/Unity/Hub/Editor/2022.3.45f1/Editor/Data/Managed'
Mono path[1] = 'C:/Program Files/Unity/Hub/Editor/2022.3.45f1/Editor/Data/MonoBleedingEdge/lib/mono/unityjit-win32'
Mono config path = 'C:/Program Files/Unity/Hub/Editor/2022.3.45f1/Editor/Data/MonoBleedingEdge/etc'
Using monoOptions --debugger-agent=transport=dt_socket,embedding=1,server=y,suspend=n,address=127.0.0.1:56340
Begin MonoManager ReloadAssembly
Registering precompiled unity dll's ...
Register platform support module: C:/Program Files/Unity/Hub/Editor/2022.3.45f1/Editor/Data/PlaybackEngines/WebGLSupport/UnityEditor.WebGL.Extensions.dll
Register platform support module: C:/Program Files/Unity/Hub/Editor/2022.3.45f1/Editor/Data/PlaybackEngines/WindowsStandaloneSupport/UnityEditor.WindowsStandalone.Extensions.dll
Registered in 0.015416 seconds.
- Loaded All Assemblies, in  3.557 seconds
Native extension for WindowsStandalone target not found
Native extension for WebGL target not found
Mono: successfully reloaded assembly
- Finished resetting the current domain, in  1.868 seconds
Domain Reload Profiling: 5423ms
	BeginReloadAssembly (1119ms)
		ExecutionOrderSort (0ms)
		DisableScriptedObjects (0ms)
		BackupInstance (0ms)
		ReleaseScriptingObjects (0ms)
		CreateAndSetChildDomain (7ms)
	RebuildCommonClasses (266ms)
	RebuildNativeTypeToScriptingClass (36ms)
	initialDomainReloadingComplete (605ms)
	LoadAllAssembliesAndSetupDomain (1524ms)
		LoadAssemblies (1104ms)
		RebuildTransferFunctionScriptingTraits (0ms)
		AnalyzeDomain (1512ms)
			TypeCache.Refresh (1506ms)
				TypeCache.ScanAssembly (1452ms)
			ScanForSourceGeneratedMonoScriptInfo (3ms)
			ResolveRequiredComponents (2ms)
	FinalizeReload (1873ms)
		ReleaseScriptCaches (0ms)
		RebuildScriptCaches (0ms)
		SetupLoadedEditorAssemblies (1369ms)
			LogAssemblyErrors (0ms)
			InitializePlatformSupportModulesInManaged (31ms)
			SetLoadedEditorAssemblies (17ms)
			RefreshPlugins (0ms)
			BeforeProcessingInitializeOnLoad (10ms)
			ProcessInitializeOnLoadAttributes (942ms)
			ProcessInitializeOnLoadMethodAttributes (365ms)
			AfterProcessingInitializeOnLoad (0ms)
			EditorAssembliesLoaded (4ms)
		ExecutionOrderSort2 (0ms)
		AwakeInstancesAfterBackupRestoration (0ms)
========================================================================
Worker process is ready to serve import requests
Caller must complete domain reload
Begin MonoManager ReloadAssembly
- Loaded All Assemblies, in  7.988 seconds
Native extension for WindowsStandalone target not found
Native extension for WebGL target not found
Mono: successfully reloaded assembly
- Finished resetting the current domain, in 11.093 seconds
Domain Reload Profiling: 19067ms
	BeginReloadAssembly (614ms)
		ExecutionOrderSort (0ms)
		DisableScriptedObjects (14ms)
		BackupInstance (0ms)
		ReleaseScriptingObjects (1ms)
		CreateAndSetChildDomain (59ms)
	RebuildCommonClasses (230ms)
	RebuildNativeTypeToScriptingClass (26ms)
	initialDomainReloadingComplete (777ms)
	LoadAllAssembliesAndSetupDomain (6326ms)
		LoadAssemblies (5010ms)
		RebuildTransferFunctionScriptingTraits (0ms)
		AnalyzeDomain (1680ms)
			TypeCache.Refresh (1213ms)
				TypeCache.ScanAssembly (1162ms)
			ScanForSourceGeneratedMonoScriptInfo (245ms)
			ResolveRequiredComponents (217ms)
	FinalizeReload (11095ms)
		ReleaseScriptCaches (0ms)
		RebuildScriptCaches (0ms)
		SetupLoadedEditorAssemblies (9361ms)
			LogAssemblyErrors (0ms)
			InitializePlatformSupportModulesInManaged (18ms)
			SetLoadedEditorAssemblies (12ms)
			RefreshPlugins (0ms)
			BeforeProcessingInitializeOnLoad (792ms)
			ProcessInitializeOnLoadAttributes (4457ms)
			ProcessInitializeOnLoadMethodAttributes (4056ms)
			AfterProcessingInitializeOnLoad (21ms)
			EditorAssembliesLoaded (5ms)
		ExecutionOrderSort2 (0ms)
		AwakeInstancesAfterBackupRestoration (47ms)
Launched and connected shader compiler UnityShaderCompiler.exe after 0.35 seconds
Refreshing native plugins compatible for Editor in 107.21 ms, found 3 plugins.
Preloading 0 native plugins for Editor in 0.00 ms.
Unloading 5068 Unused Serialized files (Serialized files now loaded: 0)
Unloading 105 unused Assets / (6.7 MB). Loaded Objects now: 5467.
Memory consumption went from 198.9 MB to 192.2 MB.
Total: 36.442400 ms (FindLiveObjects: 1.099800 ms CreateObjectMapping: 0.796100 ms MarkObjects: 26.578100 ms  DeleteObjects: 7.379200 ms)

AssetImportParameters requested are different than current active one (requested -> active):
  custom:container-demuxer-ogg: 62fdf1f143b41e24485cea50d1cbac27 -> 
  custom:video-codec-MediaFoundation-h265: 746d11721c4dcdbdad8f713fa42b33f4 -> 
  custom:video-decoder-ogg-theora: a1e56fd34408186e4bbccfd4996cb3dc -> 
  custom:framework-win-MediaFoundation: 216162199b28c13a410421893ffa2e32 -> 
  custom:CustomObjectIndexerAttribute: 72b91833f83ae208fae7752999fa3104 -> 
  custom:container-demuxer-webm: 4f35f7cbe854078d1ac9338744f61a02 -> 
  custom:container-muxer-webm: aa71ff27fc2769a1b78a27578f13a17b -> 
  custom:video-decoder-webm-vp8: 9c59270c3fd7afecdb556c50c9e8de78 -> 
  custom:SearchIndexIgnoredProperties: e643bd26f0fe6173181afceb89e7c659 -> 
  custom:AudioImporter_EditorPlatform: d09bf68614088b80899f8185d706f6e7 -> 
  custom:video-encoder-webm-vp8: eb34c28f22e8b96e1ab97ce403110664 -> 
  custom:audio-decoder-ogg-vorbis: bf7c407c2cedff20999df2af8eb42d56 -> 
  custom:audio-encoder-webm-vorbis: bf7c407c2cedff20999df2af8eb42d56 -> 
========================================================================
Received Import Request.
  Time since last request: 10831.069234 seconds.
  path: Assets/New Terrain.asset
  artifactKey: Guid(5a30f8df03037b840a0add1effa68828) Importer(815301076,1909f56bfc062723c751e8b465ee728b)
Start importing Assets/New Terrain.asset using Guid(5a30f8df03037b840a0add1effa68828) Importer(815301076,1909f56bfc062723c751e8b465ee728b) [PhysX] Initialized MultithreadedTaskDispatcher with 4 workers.
 -> (artifact id: '668bae191ace8f5e7226ac8c9f5cdb05') in 8.933119 seconds
Number of updated asset objects reloaded before import = 0
Number of asset objects unloaded after import = 1
========================================================================
Received Import Request.
  Time since last request: 290.593461 seconds.
  path: Assets/TextMesh Pro/Fonts/LiberationSans.ttf
  artifactKey: Guid(e3265ab4bf004d28a9537516768c1c75) Importer(815301076,1909f56bfc062723c751e8b465ee728b)
Start importing Assets/TextMesh Pro/Fonts/LiberationSans.ttf using Guid(e3265ab4bf004d28a9537516768c1c75) Importer(815301076,1909f56bfc062723c751e8b465ee728b) [PhysX] Initialized MultithreadedTaskDispatcher with 4 workers.
[PhysX] Initialized MultithreadedTaskDispatcher with 4 workers.
[PhysX] Initialized MultithreadedTaskDispatcher with 4 workers.
 -> (artifact id: '47c678ff71a9e350fe6711b2ead8fc2e') in 7.598124 seconds
Number of updated asset objects reloaded before import = 0
Number of asset objects unloaded after import = 4
========================================================================
Received Import Request.
  Time since last request: 0.000131 seconds.
  path: Assets/Data/LowlyPoly/Free Stylized Rocks/Scene/Scene_Organization/Scale_Grid_1x1.png
  artifactKey: Guid(696ff12e78fd22f49ab0c3f138539f4e) Importer(815301076,1909f56bfc062723c751e8b465ee728b)
Start importing Assets/Data/LowlyPoly/Free Stylized Rocks/Scene/Scene_Organization/Scale_Grid_1x1.png using Guid(696ff12e78fd22f49ab0c3f138539f4e) Importer(815301076,1909f56bfc062723c751e8b465ee728b) [PhysX] Initialized MultithreadedTaskDispatcher with 4 workers.
[PhysX] Initialized MultithreadedTaskDispatcher with 4 workers.
 -> (artifact id: 'd3b4af8a1dc255e48828edca50f5a669') in 0.302215 seconds
Number of updated asset objects reloaded before import = 0
Number of asset objects unloaded after import = 2
========================================================================
Received Import Request.
  Time since last request: 0.000085 seconds.
  path: Assets/Data/LowlyPoly/Free Stylized Rocks/Textures/Stone_1_occlusion.png
  artifactKey: Guid(25e441cdb0d4429429238842284fe9b8) Importer(815301076,1909f56bfc062723c751e8b465ee728b)
Start importing Assets/Data/LowlyPoly/Free Stylized Rocks/Textures/Stone_1_occlusion.png using Guid(25e441cdb0d4429429238842284fe9b8) Importer(815301076,1909f56bfc062723c751e8b465ee728b) [PhysX] Initialized MultithreadedTaskDispatcher with 4 workers.
[PhysX] Initialized MultithreadedTaskDispatcher with 4 workers.
 -> (artifact id: '25dfc011e468f9250203748f895a5787') in 0.703261 seconds
Number of updated asset objects reloaded before import = 0
Number of asset objects unloaded after import = 2
========================================================================
Received Import Request.
  Time since last request: 0.000199 seconds.
  path: Assets/Data/Fantasy Forest Environment Free Sample/Textures/grassmesh.png
  artifactKey: Guid(4e364662e65fd2d4a995a4efe45af277) Importer(815301076,1909f56bfc062723c751e8b465ee728b)
Start importing Assets/Data/Fantasy Forest Environment Free Sample/Textures/grassmesh.png using Guid(4e364662e65fd2d4a995a4efe45af277) Importer(815301076,1909f56bfc062723c751e8b465ee728b) [PhysX] Initialized MultithreadedTaskDispatcher with 4 workers.
[PhysX] Initialized MultithreadedTaskDispatcher with 4 workers.
 -> (artifact id: '3f091d2a7fe09e000d5969816d7df967') in 0.279255 seconds
Number of updated asset objects reloaded before import = 0
Number of asset objects unloaded after import = 2
========================================================================
Received Import Request.
  Time since last request: 0.000081 seconds.
  path: Assets/Data/Fantasy Forest Environment Free Sample/Textures/grass01_b.tga
  artifactKey: Guid(b69992f31e7145e4ba49aa8118c5541c) Importer(815301076,1909f56bfc062723c751e8b465ee728b)
Start importing Assets/Data/Fantasy Forest Environment Free Sample/Textures/grass01_b.tga using Guid(b69992f31e7145e4ba49aa8118c5541c) Importer(815301076,1909f56bfc062723c751e8b465ee728b) [PhysX] Initialized MultithreadedTaskDispatcher with 4 workers.
[PhysX] Initialized MultithreadedTaskDispatcher with 4 workers.
 -> (artifact id: '77dca71995ad5bb406f4f9891dcd98ba') in 0.272769 seconds
Number of updated asset objects reloaded before import = 0
Number of asset objects unloaded after import = 2
========================================================================
Received Import Request.
  Time since last request: 0.000059 seconds.
  path: Assets/Data/LowlyPoly/Free Stylized Rocks/Textures/Stone_1_3_albedo.png
  artifactKey: Guid(78b1df4cdefe8d04eb9f42b9d14c40db) Importer(815301076,1909f56bfc062723c751e8b465ee728b)
Start importing Assets/Data/LowlyPoly/Free Stylized Rocks/Textures/Stone_1_3_albedo.png using Guid(78b1df4cdefe8d04eb9f42b9d14c40db) Importer(815301076,1909f56bfc062723c751e8b465ee728b) [PhysX] Initialized MultithreadedTaskDispatcher with 4 workers.
[PhysX] Initialized MultithreadedTaskDispatcher with 4 workers.
 -> (artifact id: 'ce5b48a7ca863cdcd71f36b6da620f75') in 0.340018 seconds
Number of updated asset objects reloaded before import = 0
Number of asset objects unloaded after import = 2
========================================================================
Received Import Request.
  Time since last request: 0.000125 seconds.
  path: Assets/Data/LowlyPoly/Free Stylized Rocks/Scene/Scene_Organization/Scale_Grid_2x2.png
  artifactKey: Guid(0fe7f82ca5343da43a1245811e0684cd) Importer(815301076,1909f56bfc062723c751e8b465ee728b)
Start importing Assets/Data/LowlyPoly/Free Stylized Rocks/Scene/Scene_Organization/Scale_Grid_2x2.png using Guid(0fe7f82ca5343da43a1245811e0684cd) Importer(815301076,1909f56bfc062723c751e8b465ee728b) [PhysX] Initialized MultithreadedTaskDispatcher with 4 workers.
[PhysX] Initialized MultithreadedTaskDispatcher with 4 workers.
 -> (artifact id: '7b9fab11c83134a858d977c5bda8c549') in 0.317520 seconds
Number of updated asset objects reloaded before import = 0
Number of asset objects unloaded after import = 2
========================================================================
Received Import Request.
  Time since last request: 0.001886 seconds.
  path: Assets/Data/LowlyPoly/Free Stylized Rocks/Textures/Stone_1_1_albedo.png
  artifactKey: Guid(666a543c0254c1640919bcf7d8b14344) Importer(815301076,1909f56bfc062723c751e8b465ee728b)
Start importing Assets/Data/LowlyPoly/Free Stylized Rocks/Textures/Stone_1_1_albedo.png using Guid(666a543c0254c1640919bcf7d8b14344) Importer(815301076,1909f56bfc062723c751e8b465ee728b) [PhysX] Initialized MultithreadedTaskDispatcher with 4 workers.
[PhysX] Initialized MultithreadedTaskDispatcher with 4 workers.
 -> (artifact id: 'bfe3b9bd5497ee9fa72d2a473381ccf8') in 0.253844 seconds
Number of updated asset objects reloaded before import = 0
Number of asset objects unloaded after import = 2
========================================================================
Received Import Request.
  Time since last request: 0.000500 seconds.
  path: Assets/Data/LowlyPoly/Free Stylized Rocks/Textures/Stone_1_normals.png
  artifactKey: Guid(035ccd0c58a904849a9b8ad16f48d014) Importer(815301076,1909f56bfc062723c751e8b465ee728b)
Start importing Assets/Data/LowlyPoly/Free Stylized Rocks/Textures/Stone_1_normals.png using Guid(035ccd0c58a904849a9b8ad16f48d014) Importer(815301076,1909f56bfc062723c751e8b465ee728b) [PhysX] Initialized MultithreadedTaskDispatcher with 4 workers.
[PhysX] Initialized MultithreadedTaskDispatcher with 4 workers.
 -> (artifact id: '25365b2831adf611180f019341e5d401') in 0.880212 seconds
Number of updated asset objects reloaded before import = 0
Number of asset objects unloaded after import = 2
========================================================================
Received Import Request.
  Time since last request: 0.000382 seconds.
  path: Assets/Data/Fantasy Forest Environment Free Sample/Textures/tree_branches.png
  artifactKey: Guid(1d49d1e2d8a2b97478e3e0355dbf3a07) Importer(815301076,1909f56bfc062723c751e8b465ee728b)
Start importing Assets/Data/Fantasy Forest Environment Free Sample/Textures/tree_branches.png using Guid(1d49d1e2d8a2b97478e3e0355dbf3a07) Importer(815301076,1909f56bfc062723c751e8b465ee728b) [PhysX] Initialized MultithreadedTaskDispatcher with 4 workers.
[PhysX] Initialized MultithreadedTaskDispatcher with 4 workers.
 -> (artifact id: 'a1f885e1838f4e049d013b8dad9bfb68') in 0.110995 seconds
Number of updated asset objects reloaded before import = 0
Number of asset objects unloaded after import = 2
========================================================================
Received Import Request.
  Time since last request: 0.000877 seconds.
  path: Assets/Data/Fantasy Forest Environment Free Sample/Textures/grass01.tga
  artifactKey: Guid(6c41a2cea80b4fc499bac2a6c14a4514) Importer(815301076,1909f56bfc062723c751e8b465ee728b)
Start importing Assets/Data/Fantasy Forest Environment Free Sample/Textures/grass01.tga using Guid(6c41a2cea80b4fc499bac2a6c14a4514) Importer(815301076,1909f56bfc062723c751e8b465ee728b) [PhysX] Initialized MultithreadedTaskDispatcher with 4 workers.
[PhysX] Initialized MultithreadedTaskDispatcher with 4 workers.
 -> (artifact id: 'e7d97ed45d3750c6cb41ca4070468ef2') in 0.379208 seconds
Number of updated asset objects reloaded before import = 0
Number of asset objects unloaded after import = 2
========================================================================
Received Import Request.
  Time since last request: 0.000176 seconds.
  path: Assets/Data/LowlyPoly/Free Stylized Rocks/Textures/Stone_1_2_albedo.png
  artifactKey: Guid(9c8dac1d9cae23d479c01efcd5410821) Importer(815301076,1909f56bfc062723c751e8b465ee728b)
Start importing Assets/Data/LowlyPoly/Free Stylized Rocks/Textures/Stone_1_2_albedo.png using Guid(9c8dac1d9cae23d479c01efcd5410821) Importer(815301076,1909f56bfc062723c751e8b465ee728b) [PhysX] Initialized MultithreadedTaskDispatcher with 4 workers.
[PhysX] Initialized MultithreadedTaskDispatcher with 4 workers.
 -> (artifact id: 'c8ee1b2061684563b1d75965b4c13dbc') in 0.674830 seconds
Number of updated asset objects reloaded before import = 0
Number of asset objects unloaded after import = 2
========================================================================
Received Import Request.
  Time since last request: 188.010107 seconds.
  path: Assets/New Terrain.asset
  artifactKey: Guid(5a30f8df03037b840a0add1effa68828) Importer(815301076,1909f56bfc062723c751e8b465ee728b)
Start importing Assets/New Terrain.asset using Guid(5a30f8df03037b840a0add1effa68828) Importer(815301076,1909f56bfc062723c751e8b465ee728b) [PhysX] Initialized MultithreadedTaskDispatcher with 4 workers.
[PhysX] Initialized MultithreadedTaskDispatcher with 4 workers.
 -> (artifact id: '830e3268d068567a3311abfca5854fa8') in 3.252632 seconds
Number of updated asset objects reloaded before import = 0
Number of asset objects unloaded after import = 3
========================================================================
Received Import Request.
  Time since last request: 0.000352 seconds.
  path: Assets/NewLayer.terrainlayer
  artifactKey: Guid(a066d21e2e26fd6479d5a74ac7033329) Importer(815301076,1909f56bfc062723c751e8b465ee728b)
Start importing Assets/NewLayer.terrainlayer using Guid(a066d21e2e26fd6479d5a74ac7033329) Importer(815301076,1909f56bfc062723c751e8b465ee728b) [PhysX] Initialized MultithreadedTaskDispatcher with 4 workers.
 -> (artifact id: '7babbd57fd98f136b86c8538d318e229') in 1.036990 seconds
Number of updated asset objects reloaded before import = 0
Number of asset objects unloaded after import = 2
========================================================================
Received Import Request.
  Time since last request: 1236.575340 seconds.
  path: ProjectSettings/TagManager.asset
  artifactKey: Guid(00000000000000003000000000000000) Importer(815301076,1909f56bfc062723c751e8b465ee728b)
Start importing ProjectSettings/TagManager.asset using Guid(00000000000000003000000000000000) Importer(815301076,1909f56bfc062723c751e8b465ee728b) [PhysX] Initialized MultithreadedTaskDispatcher with 4 workers.
 -> (artifact id: '8778a23a5f1514a9a90ecc631fbf00d3') in 2.671254 seconds
Number of updated asset objects reloaded before import = 0
Number of asset objects unloaded after import = 0
========================================================================
Received Import Request.
  Time since last request: 2322.405077 seconds.
  path: Assets/Art/NewLayer.terrainlayer
  artifactKey: Guid(1f4c5b39eabf75a4794c3c079d20c657) Importer(815301076,1909f56bfc062723c751e8b465ee728b)
Start importing Assets/Art/NewLayer.terrainlayer using Guid(1f4c5b39eabf75a4794c3c079d20c657) Importer(815301076,1909f56bfc062723c751e8b465ee728b) [PhysX] Initialized MultithreadedTaskDispatcher with 4 workers.
 -> (artifact id: '9cc513512061371a1c6fb5782b1dd0d5') in 2.143500 seconds
Number of updated asset objects reloaded before import = 0
Number of asset objects unloaded after import = 2
========================================================================
Received Import Request.
  Time since last request: 137.077282 seconds.
  path: Assets/New Terrain.asset
  artifactKey: Guid(5a30f8df03037b840a0add1effa68828) Importer(815301076,1909f56bfc062723c751e8b465ee728b)
Start importing Assets/New Terrain.asset using Guid(5a30f8df03037b840a0add1effa68828) Importer(815301076,1909f56bfc062723c751e8b465ee728b) [PhysX] Initialized MultithreadedTaskDispatcher with 4 workers.
[PhysX] Initialized MultithreadedTaskDispatcher with 4 workers.
 -> (artifact id: '524f06ccdde6fe4959a7f1c3b8fc4a6d') in 10.812896 seconds
Number of updated asset objects reloaded before import = 0
Number of asset objects unloaded after import = 3
========================================================================
Received Import Request.
  Time since last request: 0.101498 seconds.
  path: Assets/Data/GUI_Parts/Icons
  artifactKey: Guid(036595ac03790ba48b5017ed8191039a) Importer(815301076,1909f56bfc062723c751e8b465ee728b)
Start importing Assets/Data/GUI_Parts/Icons using Guid(036595ac03790ba48b5017ed8191039a) Importer(815301076,1909f56bfc062723c751e8b465ee728b) [PhysX] Initialized MultithreadedTaskDispatcher with 4 workers.
 -> (artifact id: '061d34fd77c2edb9478d6ffd1dee9547') in 0.136816 seconds
Number of updated asset objects reloaded before import = 0
Number of asset objects unloaded after import = 0
========================================================================
Received Import Request.
  Time since last request: 0.000145 seconds.
  path: Assets/Scenes
  artifactKey: Guid(d57707a8248480048a40b2dd2188a056) Importer(815301076,1909f56bfc062723c751e8b465ee728b)
Start importing Assets/Scenes using Guid(d57707a8248480048a40b2dd2188a056) Importer(815301076,1909f56bfc062723c751e8b465ee728b) [PhysX] Initialized MultithreadedTaskDispatcher with 4 workers.
 -> (artifact id: 'b37a1ba1d0aa2b2d7d1d6f18798da910') in 0.053427 seconds
Number of updated asset objects reloaded before import = 0
Number of asset objects unloaded after import = 0
========================================================================
Received Import Request.
  Time since last request: 55.346672 seconds.
  path: Assets/Art/Prefabs/skill_icon_04 (1).prefab
  artifactKey: Guid(a8f2ee4da4f20394c84f68265c2ab15f) Importer(815301076,1909f56bfc062723c751e8b465ee728b)
Start importing Assets/Art/Prefabs/skill_icon_04 (1).prefab using Guid(a8f2ee4da4f20394c84f68265c2ab15f) Importer(815301076,1909f56bfc062723c751e8b465ee728b) [PhysX] Initialized MultithreadedTaskDispatcher with 4 workers.
[PhysX] Initialized MultithreadedTaskDispatcher with 4 workers.
 -> (artifact id: '2fb8e15d28e87e8850e39c6c0585dcab') in 2.117536 seconds
Number of updated asset objects reloaded before import = 0
Number of asset objects unloaded after import = 7
========================================================================
Received Import Request.
  Time since last request: 6.867529 seconds.
  path: Assets/Art/Prefabs/skill_icon_04.prefab
  artifactKey: Guid(b41729737bd4db4468b1805de370a440) Importer(815301076,1909f56bfc062723c751e8b465ee728b)
Start importing Assets/Art/Prefabs/skill_icon_04.prefab using Guid(b41729737bd4db4468b1805de370a440) Importer(815301076,1909f56bfc062723c751e8b465ee728b) [PhysX] Initialized MultithreadedTaskDispatcher with 4 workers.
[PhysX] Initialized MultithreadedTaskDispatcher with 4 workers.
 -> (artifact id: 'c88f6d858d95fa32a1ee734b60ab4411') in 1.551512 seconds
Number of updated asset objects reloaded before import = 0
Number of asset objects unloaded after import = 7
========================================================================
Received Import Request.
  Time since last request: 6.534541 seconds.
  path: Assets/Art/Prefabs/skill_icon_04.prefab
  artifactKey: Guid(b41729737bd4db4468b1805de370a440) Importer(815301076,1909f56bfc062723c751e8b465ee728b)
Start importing Assets/Art/Prefabs/skill_icon_04.prefab using Guid(b41729737bd4db4468b1805de370a440) Importer(815301076,1909f56bfc062723c751e8b465ee728b) [PhysX] Initialized MultithreadedTaskDispatcher with 4 workers.
[PhysX] Initialized MultithreadedTaskDispatcher with 4 workers.
 -> (artifact id: '2c3d8f8531d337fe88fa941e2e192184') in 0.110877 seconds
Number of updated asset objects reloaded before import = 0
Number of asset objects unloaded after import = 8
TcpMessagingSession - receive error
AssetImportWorkerClient::OnTransportError - code=10054 error=An existing connection was forcibly closed by the remote host.
