Using pre-set license
Built from '2022.3/staging' branch; Version is '2022.3.45f1 (a13dfa44d684) revision 10567162'; Using compiler version '192829333'; Build Type 'Release'
OS: 'Windows 11  (10.0.26100) 64bit CoreSingleLanguage' Language: 'en' Physical Memory: 3930 MB
BatchMode: 1, IsHumanControllingUs: 0, StartBugReporterOnCrash: 0, Is64bit: 1, IsPro: 1

COMMAND LINE ARGUMENTS:
C:\Program Files\Unity\Hub\Editor\2022.3.45f1\Editor\Unity.exe
-adb2
-batchMode
-noUpm
-name
AssetImportWorker1
-projectPath
C:/Users/Nasrun/Virtual-Puzzle-Adventure-VR
-logFile
Logs/AssetImportWorker1.log
-srvPort
51366
Successfully changed project path to: C:/Users/Nasrun/Virtual-Puzzle-Adventure-VR
C:/Users/Nasrun/Virtual-Puzzle-Adventure-VR
[UnityMemory] Configuration Parameters - Can be set up in boot.config
    "memorysetup-bucket-allocator-granularity=16"
    "memorysetup-bucket-allocator-bucket-count=8"
    "memorysetup-bucket-allocator-block-size=33554432"
    "memorysetup-bucket-allocator-block-count=8"
    "memorysetup-main-allocator-block-size=16777216"
    "memorysetup-thread-allocator-block-size=16777216"
    "memorysetup-gfx-main-allocator-block-size=16777216"
    "memorysetup-gfx-thread-allocator-block-size=16777216"
    "memorysetup-cache-allocator-block-size=4194304"
    "memorysetup-typetree-allocator-block-size=2097152"
    "memorysetup-profiler-bucket-allocator-granularity=16"
    "memorysetup-profiler-bucket-allocator-bucket-count=8"
    "memorysetup-profiler-bucket-allocator-block-size=33554432"
    "memorysetup-profiler-bucket-allocator-block-count=8"
    "memorysetup-profiler-allocator-block-size=16777216"
    "memorysetup-profiler-editor-allocator-block-size=1048576"
    "memorysetup-temp-allocator-size-main=16777216"
    "memorysetup-job-temp-allocator-block-size=2097152"
    "memorysetup-job-temp-allocator-block-size-background=1048576"
    "memorysetup-job-temp-allocator-reduction-small-platforms=262144"
    "memorysetup-allocator-temp-initial-block-size-main=262144"
    "memorysetup-allocator-temp-initial-block-size-worker=262144"
    "memorysetup-temp-allocator-size-background-worker=32768"
    "memorysetup-temp-allocator-size-job-worker=262144"
    "memorysetup-temp-allocator-size-preload-manager=33554432"
    "memorysetup-temp-allocator-size-nav-mesh-worker=65536"
    "memorysetup-temp-allocator-size-audio-worker=65536"
    "memorysetup-temp-allocator-size-cloud-worker=32768"
    "memorysetup-temp-allocator-size-gi-baking-worker=262144"
    "memorysetup-temp-allocator-size-gfx=262144"
Player connection [12452]  Target information:

Player connection [12452]  * "[IP] 192.168.56.1 [Port] 0 [Flags] 2 [Guid] 2418770536 [EditorId] 2418770536 [Version] 1048832 [Id] WindowsEditor(7,LAPTOP-V3IRGD76) [Debug] 1 [PackageName] WindowsEditor [ProjectName] Editor" 

Player connection [12452]  * "[IP] 192.168.0.122 [Port] 0 [Flags] 2 [Guid] 2418770536 [EditorId] 2418770536 [Version] 1048832 [Id] WindowsEditor(7,LAPTOP-V3IRGD76) [Debug] 1 [PackageName] WindowsEditor [ProjectName] Editor" 

Player connection [12452] Host joined multi-casting on [225.0.0.222:54997]...
Player connection [12452] Host joined alternative multi-casting on [225.0.0.222:34997]...
[PhysX] Initialized MultithreadedTaskDispatcher with 4 workers.
Refreshing native plugins compatible for Editor in 790.46 ms, found 3 plugins.
Preloading 0 native plugins for Editor in 0.00 ms.
Initialize engine version: 2022.3.45f1 (a13dfa44d684)
[Subsystems] Discovering subsystems at path C:/Program Files/Unity/Hub/Editor/2022.3.45f1/Editor/Data/Resources/UnitySubsystems
[Subsystems] Discovering subsystems at path C:/Users/Nasrun/Virtual-Puzzle-Adventure-VR/Assets
GfxDevice: creating device client; threaded=0; jobified=0
Direct3D:
    Version:  Direct3D 11.0 [level 11.1]
    Renderer: Intel(R) UHD Graphics (ID=0x9b21)
    Vendor:   Intel
    VRAM:     1965 MB
    Driver:   30.0.100.9864
Initialize mono
Mono path[0] = 'C:/Program Files/Unity/Hub/Editor/2022.3.45f1/Editor/Data/Managed'
Mono path[1] = 'C:/Program Files/Unity/Hub/Editor/2022.3.45f1/Editor/Data/MonoBleedingEdge/lib/mono/unityjit-win32'
Mono config path = 'C:/Program Files/Unity/Hub/Editor/2022.3.45f1/Editor/Data/MonoBleedingEdge/etc'
Using monoOptions --debugger-agent=transport=dt_socket,embedding=1,server=y,suspend=n,address=127.0.0.1:56928
Begin MonoManager ReloadAssembly
Registering precompiled unity dll's ...
Register platform support module: C:/Program Files/Unity/Hub/Editor/2022.3.45f1/Editor/Data/PlaybackEngines/WebGLSupport/UnityEditor.WebGL.Extensions.dll
Register platform support module: C:/Program Files/Unity/Hub/Editor/2022.3.45f1/Editor/Data/PlaybackEngines/WindowsStandaloneSupport/UnityEditor.WindowsStandalone.Extensions.dll
Registered in 0.392171 seconds.
- Loaded All Assemblies, in 12.312 seconds
Native extension for WindowsStandalone target not found
Native extension for WebGL target not found
Mono: successfully reloaded assembly
- Finished resetting the current domain, in 25.203 seconds
Domain Reload Profiling: 37514ms
	BeginReloadAssembly (1372ms)
		ExecutionOrderSort (3ms)
		DisableScriptedObjects (0ms)
		BackupInstance (0ms)
		ReleaseScriptingObjects (0ms)
		CreateAndSetChildDomain (24ms)
	RebuildCommonClasses (405ms)
	RebuildNativeTypeToScriptingClass (120ms)
	initialDomainReloadingComplete (1764ms)
	LoadAllAssembliesAndSetupDomain (8640ms)
		LoadAssemblies (1266ms)
		RebuildTransferFunctionScriptingTraits (0ms)
		AnalyzeDomain (8372ms)
			TypeCache.Refresh (8348ms)
				TypeCache.ScanAssembly (7825ms)
			ScanForSourceGeneratedMonoScriptInfo (15ms)
			ResolveRequiredComponents (3ms)
	FinalizeReload (25213ms)
		ReleaseScriptCaches (0ms)
		RebuildScriptCaches (0ms)
		SetupLoadedEditorAssemblies (23216ms)
			LogAssemblyErrors (0ms)
			InitializePlatformSupportModulesInManaged (59ms)
			SetLoadedEditorAssemblies (232ms)
			RefreshPlugins (0ms)
			BeforeProcessingInitializeOnLoad (17ms)
			ProcessInitializeOnLoadAttributes (21830ms)
			ProcessInitializeOnLoadMethodAttributes (1061ms)
			AfterProcessingInitializeOnLoad (1ms)
			EditorAssembliesLoaded (15ms)
		ExecutionOrderSort2 (2ms)
		AwakeInstancesAfterBackupRestoration (0ms)
========================================================================
Worker process is ready to serve import requests

=================================================================
	Native Crash Reporting
=================================================================
Got a UNKNOWN while executing native code. This usually indicates
a fatal error in the mono runtime or one of the native libraries 
used by your application.
=================================================================

=================================================================
	Managed Stacktrace:
=================================================================
=================================================================
Received signal SIGSEGV
Obtained 31 stack frames
0x00007ff702a35c18 (Unity) 
0x00007ff702a4485c (Unity) 
0x00007ff702a36331 (Unity) 
0x00007ff702a4087e (Unity) 
0x00007ff703bb5bfa (Unity) 
0x00007ff70453083c (Unity) udnSetPath
0x00007ff70453894e (Unity) udnSetPath
0x00007ff7045e101c (Unity) udnSetPath
0x00007ff7045e0c01 (Unity) udnSetPath
0x00007ff7045e08b5 (Unity) udnSetPath
0x00007ff7045e054a (Unity) udnSetPath
0x00007ff70458b0fd (Unity) udnSetPath
0x00007ff70458ac29 (Unity) udnSetPath
0x00007ff7045b090c (Unity) udnSetPath
0x00007ff7045afd96 (Unity) udnSetPath
0x00007ff704593d13 (Unity) udnSetPath
0x00007ff7045dbe0c (Unity) udnSetPath
0x00007ff7045e4bd6 (Unity) udnSetPath
0x00007ff7045d820a (Unity) udnSetPath
0x00007ff704614002 (Unity) udnSetPath
0x00007ff7045fffae (Unity) udnSetPath
0x00007ff704601bde (Unity) udnSetPath
0x00007ff7046123ac (Unity) udnSetPath
0x00007ff7045e582f (Unity) udnSetPath
0x00007ff7045b1197 (Unity) udnSetPath
0x00007ff7045b121b (Unity) udnSetPath
0x00007ff703daaa4e (Unity) 
0x00007ff70423db45 (Unity) 
0x00007ff7055ef93e (Unity) udnSetPath
0x00007ffd8ea8e8d7 (KERNEL32) BaseThreadInitThunk
0x00007ffd8f19c5dc (ntdll) RtlUserThreadStart

